<?xml version="1.0" encoding="UTF-8"?>
<testng-results skipped="0" failed="0" ignored="0" total="1" passed="1">
  <reporter-output>
  </reporter-output>
  <suite name="Default suite" duration-ms="39759" started-at="2019-05-23T07:27:52Z" finished-at="2019-05-23T07:28:32Z">
    <groups>
    </groups>
    <test name="Default test" duration-ms="39759" started-at="2019-05-23T07:27:52Z" finished-at="2019-05-23T07:28:32Z">
      <class name="com.testcase.TestCaseOne">
        <test-method status="PASS" signature="setup()[pri:0, instance:com.testcase.TestCaseOne@224edc67]" name="setup" is-config="true" duration-ms="20192" started-at="2019-05-23T07:27:52Z" finished-at="2019-05-23T07:28:12Z">
          <reporter-output>
          </reporter-output>
        </test-method> <!-- setup -->
        <test-method status="PASS" signature="test1()[pri:0, instance:com.testcase.TestCaseOne@224edc67]" name="test1" duration-ms="17058" started-at="2019-05-23T07:28:12Z" finished-at="2019-05-23T07:28:29Z">
          <reporter-output>
          </reporter-output>
        </test-method> <!-- test1 -->
        <test-method status="PASS" signature="tearDown()[pri:0, instance:com.testcase.TestCaseOne@224edc67]" name="tearDown" is-config="true" duration-ms="2476" started-at="2019-05-23T07:28:29Z" finished-at="2019-05-23T07:28:32Z">
          <reporter-output>
          </reporter-output>
        </test-method> <!-- tearDown -->
      </class> <!-- com.testcase.TestCaseOne -->
    </test> <!-- Default test -->
  </suite> <!-- Default suite -->
</testng-results>
